빌드 시작: 2024-12-21 오후 4:11:08
로깅의 세부 정보 표시가 Normal(으)로 설정되었습니다.     1>2 노드의 "D:\SMGit\UDirectx\UDirectX\UDirectX\UDirectX.vcxproj" 프로젝트(Build 대상)입니다.
     1>PrepareForBuild:
         구조적 출력을 사용할 수 있습니다. 컴파일러 진단의 서식은 오류 계층 구조를 반영합니다. 자세한 내용은 https://aka.ms/cpp/structured-output을 참조하세요.
       InitializeBuildStatus:
         "AlwaysCreate"이(가) 지정되었기 때문에 "x64\Debug\UDirectX.tlog\unsuccessfulbuild"을(를) 만들고 있습니다.
         "x64\Debug\UDirectX.tlog\unsuccessfulbuild"에 연결(touching)하고 있습니다.
       ClCompile:
         모든 출력이 최신 상태입니다.
       Link:
         모든 출력이 최신 상태입니다.
         UDirectX.vcxproj -> D:\SMGit\UDirectx\UDirectX\x64\Debug\UDirectX.exe
       FinalizeBuildStatus:
         "x64\Debug\UDirectX.tlog\unsuccessfulbuild" 파일을 삭제하고 있습니다.
         "x64\Debug\UDirectX.tlog\UDirectX.lastbuildstate"에 연결(touching)하고 있습니다.
     1>"D:\SMGit\UDirectx\UDirectX\UDirectX\UDirectX.vcxproj" 프로젝트를 빌드했습니다(Build 대상).

빌드했습니다.
    경고 0개
    오류 0개

경과 시간: 00:00:00.04
